<?xml version="1.0" encoding="UTF-8"?>
<testng-results ignored="0" total="1" passed="1" failed="0" skipped="0">
  <reporter-output>
  </reporter-output>
  <suite started-at="2023-08-30T20:10:58 GMT-07:00" name="Default suite" finished-at="2023-08-30T20:10:59 GMT-07:00" duration-ms="1713">
    <groups>
    </groups>
    <test started-at="2023-08-30T20:10:58 GMT-07:00" name="Default test" finished-at="2023-08-30T20:10:59 GMT-07:00" duration-ms="1713">
      <class name="ExtentReportDemo">
        <test-method signature="createReport()[pri:0, instance:ExtentReportDemo@76b1e9b8]" started-at="2023-08-30T20:10:58 GMT-07:00" name="createReport" finished-at="2023-08-30T20:10:59 GMT-07:00" duration-ms="1566" status="PASS">
          <reporter-output>
          </reporter-output>
        </test-method> <!-- createReport -->
      </class> <!-- ExtentReportDemo -->
    </test> <!-- Default test -->
  </suite> <!-- Default suite -->
</testng-results>
