<?xml version="1.0" encoding="UTF-8"?>
<testng-results ignored="0" total="1" passed="1" failed="0" skipped="0">
  <reporter-output>
  </reporter-output>
  <suite started-at="2023-08-21T21:05:12 GMT-07:00" name="Default suite" finished-at="2023-08-21T21:05:47 GMT-07:00" duration-ms="35678">
    <groups>
    </groups>
    <test started-at="2023-08-21T21:05:12 GMT-07:00" name="Default test" finished-at="2023-08-21T21:05:47 GMT-07:00" duration-ms="35678">
      <class name="UserMenuDropDown">
        <test-method is-config="true" signature="launch()[pri:0, instance:UserMenuDropDown@6e6f2380]" started-at="2023-08-21T21:05:12 GMT-07:00" name="launch" finished-at="2023-08-21T21:05:20 GMT-07:00" duration-ms="7969" status="PASS">
          <reporter-output>
          </reporter-output>
        </test-method> <!-- launch -->
        <test-method signature="login()[pri:0, instance:UserMenuDropDown@6e6f2380]" started-at="2023-08-21T21:05:20 GMT-07:00" name="login" finished-at="2023-08-21T21:05:47 GMT-07:00" duration-ms="27609" status="PASS">
          <reporter-output>
          </reporter-output>
        </test-method> <!-- login -->
      </class> <!-- UserMenuDropDown -->
    </test> <!-- Default test -->
  </suite> <!-- Default suite -->
</testng-results>
